[0.027s] Invoking command in '/home/arthemis/Documents/courses/ROS2_CPP/Workspaces/ros2_cpp_ws/build/udemy_ros2_pkg': CMAKE_PREFIX_PATH=/opt/ros/humble /usr/bin/cmake --build /home/arthemis/Documents/courses/ROS2_CPP/Workspaces/ros2_cpp_ws/build/udemy_ros2_pkg -- -j12 -l12
[0.047s] -- Found ament_cmake: 1.3.6 (/opt/ros/humble/share/ament_cmake/cmake)
[0.165s] -- Override CMake install command with custom implementation using symlinks instead of copying resources
[0.172s] -- Found rclcpp: 16.0.7 (/opt/ros/humble/share/rclcpp/cmake)
[0.330s] -- Found rosidl_generator_c: 3.1.5 (/opt/ros/humble/share/rosidl_generator_c/cmake)
[0.333s] -- Found rosidl_adapter: 3.1.5 (/opt/ros/humble/share/rosidl_adapter/cmake)
[0.340s] -- Found rosidl_generator_cpp: 3.1.5 (/opt/ros/humble/share/rosidl_generator_cpp/cmake)
[0.351s] -- Using all available rosidl_typesupport_c: rosidl_typesupport_fastrtps_c;rosidl_typesupport_introspection_c
[0.367s] -- Using all available rosidl_typesupport_cpp: rosidl_typesupport_fastrtps_cpp;rosidl_typesupport_introspection_cpp
[0.445s] -- Found rmw_implementation_cmake: 6.1.1 (/opt/ros/humble/share/rmw_implementation_cmake/cmake)
[0.447s] -- Found rmw_fastrtps_cpp: 6.2.5 (/opt/ros/humble/share/rmw_fastrtps_cpp/cmake)
[5.633s] -- Using RMW implementation 'rmw_fastrtps_cpp' as default
[5.789s] -- Found ament_lint_auto: 0.12.9 (/opt/ros/humble/share/ament_lint_auto/cmake)
[5.848s] -- Added test 'cppcheck' to perform static code analysis on C / C++ code
[5.849s] -- Configured cppcheck include dirs: 
[5.849s] -- Configured cppcheck exclude dirs and/or files: 
[5.849s] -- Added test 'lint_cmake' to check CMake code style
[5.850s] -- Added test 'uncrustify' to check C / C++ code style
[5.850s] -- Configured uncrustify additional arguments: 
[5.850s] -- Added test 'xmllint' to check XML markup files
[5.852s] -- Configuring done
[5.874s] -- Generating done
[5.877s] -- Build files have been written to: /home/arthemis/Documents/courses/ROS2_CPP/Workspaces/ros2_cpp_ws/build/udemy_ros2_pkg
[5.898s] [35m[1mConsolidate compiler generated dependencies of target rpm_pub[0m
[5.898s] [35m[1mConsolidate compiler generated dependencies of target publisher[0m
[5.899s] [35m[1mConsolidate compiler generated dependencies of target subscriber[0m
[5.907s] [ 12%] [32mBuilding CXX object CMakeFiles/speed_calculation.dir/src/pub_sub_speed.cpp.o[0m
[5.915s] [ 37%] Built target publisher
[5.916s] [ 62%] Built target rpm_pub
[5.916s] [ 87%] Built target subscriber
[8.205s] [01m[K/home/arthemis/Documents/courses/ROS2_CPP/Workspaces/ros2_cpp_ws/src/udemy_ros2_pkg/src/pub_sub_speed.cpp:[m[K In constructor â€˜[01m[KSpeedCalcNode::SpeedCalcNode()[m[Kâ€™:
[8.205s] [01m[K/home/arthemis/Documents/courses/ROS2_CPP/Workspaces/ros2_cpp_ws/src/udemy_ros2_pkg/src/pub_sub_speed.cpp:19:3:[m[K [01;31m[Kerror: [m[Kexpected â€˜[01m[K;[m[Kâ€™ before â€˜[01m[K}[m[Kâ€™ token
[8.205s]    19 |   [01;31m[K}[m[K
[8.205s]       |   [01;31m[K^[m[K
[10.517s] gmake[2]: *** [CMakeFiles/speed_calculation.dir/build.make:76: CMakeFiles/speed_calculation.dir/src/pub_sub_speed.cpp.o] Error 1
[10.517s] gmake[1]: *** [CMakeFiles/Makefile2:221: CMakeFiles/speed_calculation.dir/all] Error 2
[10.517s] gmake: *** [Makefile:146: all] Error 2
[10.520s] Invoked command in '/home/arthemis/Documents/courses/ROS2_CPP/Workspaces/ros2_cpp_ws/build/udemy_ros2_pkg' returned '2': CMAKE_PREFIX_PATH=/opt/ros/humble /usr/bin/cmake --build /home/arthemis/Documents/courses/ROS2_CPP/Workspaces/ros2_cpp_ws/build/udemy_ros2_pkg -- -j12 -l12
